CRITICAL - 2023-10-01 04:31:43 --> Invalid file: "products.php"
in SYSTEMPATH\Exceptions\FrameworkException.php on line 39.
 1 SYSTEMPATH\View\View.php(214): CodeIgniter\Exceptions\FrameworkException::forInvalidFile('products.php')
 2 SYSTEMPATH\Common.php(1188): CodeIgniter\View\View->render('products', [], true)
 3 APPPATH\Controllers\ProductController.php(43): view('products', [...])
 4 SYSTEMPATH\CodeIgniter.php(919): App\Controllers\ProductController->index()
 5 SYSTEMPATH\CodeIgniter.php(494): CodeIgniter\CodeIgniter->runController(Object(App\Controllers\ProductController))
 6 SYSTEMPATH\CodeIgniter.php(353): CodeIgniter\CodeIgniter->handleRequest(null, Object(Config\Cache), false)
 7 FCPATH\index.php(79): CodeIgniter\CodeIgniter->run()
 8 SYSTEMPATH\Commands\Server\rewrite.php(47): require_once('C:\\laragon\\www\\LaMall\\public\\index.php')
CRITICAL - 2023-10-01 04:35:43 --> Invalid file: "product.php"
in SYSTEMPATH\Exceptions\FrameworkException.php on line 39.
 1 SYSTEMPATH\View\View.php(214): CodeIgniter\Exceptions\FrameworkException::forInvalidFile('product.php')
 2 SYSTEMPATH\Common.php(1188): CodeIgniter\View\View->render('product', [], true)
 3 APPPATH\Controllers\ProductController.php(50): view('product', [...])
 4 SYSTEMPATH\CodeIgniter.php(919): App\Controllers\ProductController->shop()
 5 SYSTEMPATH\CodeIgniter.php(494): CodeIgniter\CodeIgniter->runController(Object(App\Controllers\ProductController))
 6 SYSTEMPATH\CodeIgniter.php(353): CodeIgniter\CodeIgniter->handleRequest(null, Object(Config\Cache), false)
 7 FCPATH\index.php(79): CodeIgniter\CodeIgniter->run()
 8 SYSTEMPATH\Commands\Server\rewrite.php(47): require_once('C:\\laragon\\www\\LaMall\\public\\index.php')
CRITICAL - 2023-10-01 04:36:49 --> Undefined variable $product
in APPPATH\Views\inc\productDetail.php on line 27.
 1 APPPATH\Views\inc\productDetail.php(27): CodeIgniter\Debug\Exceptions->errorHandler(2, 'Undefined variable $product', 'C:\\laragon\\www\\LaMall\\app\\Views\\inc\\productDetail.php', 27)
 2 SYSTEMPATH\View\View.php(226): include('C:\\laragon\\www\\LaMall\\app\\Views\\inc\\productDetail.php')
 3 SYSTEMPATH\View\View.php(229): CodeIgniter\View\View->CodeIgniter\View\{closure}()
 4 SYSTEMPATH\View\View.php(467): CodeIgniter\View\View->render('inc/productDetail', null, true)
 5 APPPATH\Views\index.php(7): CodeIgniter\View\View->include('inc/productDetail')
 6 SYSTEMPATH\View\View.php(226): include('C:\\laragon\\www\\LaMall\\app\\Views\\index.php')
 7 SYSTEMPATH\View\View.php(229): CodeIgniter\View\View->CodeIgniter\View\{closure}()
 8 SYSTEMPATH\Common.php(1188): CodeIgniter\View\View->render('index', [], true)
 9 APPPATH\Controllers\ProductController.php(50): view('index', [...])
10 SYSTEMPATH\CodeIgniter.php(919): App\Controllers\ProductController->shop()
11 SYSTEMPATH\CodeIgniter.php(494): CodeIgniter\CodeIgniter->runController(Object(App\Controllers\ProductController))
12 SYSTEMPATH\CodeIgniter.php(353): CodeIgniter\CodeIgniter->handleRequest(null, Object(Config\Cache), false)
13 FCPATH\index.php(79): CodeIgniter\CodeIgniter->run()
14 SYSTEMPATH\Commands\Server\rewrite.php(47): require_once('C:\\laragon\\www\\LaMall\\public\\index.php')
CRITICAL - 2023-10-01 04:37:48 --> Undefined variable $product
in APPPATH\Views\shop\productDetail.php on line 27.
 1 APPPATH\Views\shop\productDetail.php(27): CodeIgniter\Debug\Exceptions->errorHandler(2, 'Undefined variable $product', 'C:\\laragon\\www\\LaMall\\app\\Views\\shop\\productDetail.php', 27)
 2 SYSTEMPATH\View\View.php(226): include('C:\\laragon\\www\\LaMall\\app\\Views\\shop\\productDetail.php')
 3 SYSTEMPATH\View\View.php(229): CodeIgniter\View\View->CodeIgniter\View\{closure}()
 4 SYSTEMPATH\View\View.php(467): CodeIgniter\View\View->render('/shop/productDetail', null, true)
 5 APPPATH\Views\shop.php(5): CodeIgniter\View\View->include('/shop/productDetail')
 6 SYSTEMPATH\View\View.php(226): include('C:\\laragon\\www\\LaMall\\app\\Views\\shop.php')
 7 SYSTEMPATH\View\View.php(229): CodeIgniter\View\View->CodeIgniter\View\{closure}()
 8 SYSTEMPATH\Common.php(1188): CodeIgniter\View\View->render('shop', [], true)
 9 APPPATH\Controllers\ProductController.php(50): view('shop', [...])
10 SYSTEMPATH\CodeIgniter.php(919): App\Controllers\ProductController->shop()
11 SYSTEMPATH\CodeIgniter.php(494): CodeIgniter\CodeIgniter->runController(Object(App\Controllers\ProductController))
12 SYSTEMPATH\CodeIgniter.php(353): CodeIgniter\CodeIgniter->handleRequest(null, Object(Config\Cache), false)
13 FCPATH\index.php(79): CodeIgniter\CodeIgniter->run()
14 SYSTEMPATH\Commands\Server\rewrite.php(47): require_once('C:\\laragon\\www\\LaMall\\public\\index.php')
CRITICAL - 2023-10-01 04:37:48 --> Undefined variable $product
in APPPATH\Views\shop\productDetail.php on line 27.
 1 APPPATH\Views\shop\productDetail.php(27): CodeIgniter\Debug\Exceptions->errorHandler(2, 'Undefined variable $product', 'C:\\laragon\\www\\LaMall\\app\\Views\\shop\\productDetail.php', 27)
 2 SYSTEMPATH\View\View.php(226): include('C:\\laragon\\www\\LaMall\\app\\Views\\shop\\productDetail.php')
 3 SYSTEMPATH\View\View.php(229): CodeIgniter\View\View->CodeIgniter\View\{closure}()
 4 SYSTEMPATH\View\View.php(467): CodeIgniter\View\View->render('/shop/productDetail', null, true)
 5 APPPATH\Views\shop.php(5): CodeIgniter\View\View->include('/shop/productDetail')
 6 SYSTEMPATH\View\View.php(226): include('C:\\laragon\\www\\LaMall\\app\\Views\\shop.php')
 7 SYSTEMPATH\View\View.php(229): CodeIgniter\View\View->CodeIgniter\View\{closure}()
 8 SYSTEMPATH\Common.php(1188): CodeIgniter\View\View->render('shop', [], true)
 9 APPPATH\Controllers\ProductController.php(50): view('shop', [...])
10 SYSTEMPATH\CodeIgniter.php(919): App\Controllers\ProductController->shop()
11 SYSTEMPATH\CodeIgniter.php(494): CodeIgniter\CodeIgniter->runController(Object(App\Controllers\ProductController))
12 SYSTEMPATH\CodeIgniter.php(353): CodeIgniter\CodeIgniter->handleRequest(null, Object(Config\Cache), false)
13 FCPATH\index.php(79): CodeIgniter\CodeIgniter->run()
14 SYSTEMPATH\Commands\Server\rewrite.php(47): require_once('C:\\laragon\\www\\LaMall\\public\\index.php')
CRITICAL - 2023-10-01 04:58:02 --> Undefined variable $product
in APPPATH\Views\inc\productDetail.php on line 27.
 1 APPPATH\Views\inc\productDetail.php(27): CodeIgniter\Debug\Exceptions->errorHandler(2, 'Undefined variable $product', 'C:\\laragon\\www\\LaMall\\app\\Views\\inc\\productDetail.php', 27)
 2 SYSTEMPATH\View\View.php(226): include('C:\\laragon\\www\\LaMall\\app\\Views\\inc\\productDetail.php')
 3 SYSTEMPATH\View\View.php(229): CodeIgniter\View\View->CodeIgniter\View\{closure}()
 4 SYSTEMPATH\View\View.php(467): CodeIgniter\View\View->render('inc/productDetail', null, true)
 5 APPPATH\Views\index.php(7): CodeIgniter\View\View->include('inc/productDetail')
 6 SYSTEMPATH\View\View.php(226): include('C:\\laragon\\www\\LaMall\\app\\Views\\index.php')
 7 SYSTEMPATH\View\View.php(229): CodeIgniter\View\View->CodeIgniter\View\{closure}()
 8 SYSTEMPATH\Common.php(1188): CodeIgniter\View\View->render('index', [], true)
 9 APPPATH\Controllers\Home.php(9): view('index')
10 SYSTEMPATH\CodeIgniter.php(919): App\Controllers\Home->index()
11 SYSTEMPATH\CodeIgniter.php(494): CodeIgniter\CodeIgniter->runController(Object(App\Controllers\Home))
12 SYSTEMPATH\CodeIgniter.php(353): CodeIgniter\CodeIgniter->handleRequest(null, Object(Config\Cache), false)
13 FCPATH\index.php(79): CodeIgniter\CodeIgniter->run()
14 SYSTEMPATH\Commands\Server\rewrite.php(47): require_once('C:\\laragon\\www\\LaMall\\public\\index.php')
CRITICAL - 2023-10-01 04:58:08 --> Undefined variable $product
in APPPATH\Views\inc\productDetail.php on line 27.
 1 APPPATH\Views\inc\productDetail.php(27): CodeIgniter\Debug\Exceptions->errorHandler(2, 'Undefined variable $product', 'C:\\laragon\\www\\LaMall\\app\\Views\\inc\\productDetail.php', 27)
 2 SYSTEMPATH\View\View.php(226): include('C:\\laragon\\www\\LaMall\\app\\Views\\inc\\productDetail.php')
 3 SYSTEMPATH\View\View.php(229): CodeIgniter\View\View->CodeIgniter\View\{closure}()
 4 SYSTEMPATH\View\View.php(467): CodeIgniter\View\View->render('inc/productDetail', null, true)
 5 APPPATH\Views\index.php(7): CodeIgniter\View\View->include('inc/productDetail')
 6 SYSTEMPATH\View\View.php(226): include('C:\\laragon\\www\\LaMall\\app\\Views\\index.php')
 7 SYSTEMPATH\View\View.php(229): CodeIgniter\View\View->CodeIgniter\View\{closure}()
 8 SYSTEMPATH\Common.php(1188): CodeIgniter\View\View->render('index', [], true)
 9 APPPATH\Controllers\Home.php(9): view('index')
10 SYSTEMPATH\CodeIgniter.php(919): App\Controllers\Home->index()
11 SYSTEMPATH\CodeIgniter.php(494): CodeIgniter\CodeIgniter->runController(Object(App\Controllers\Home))
12 SYSTEMPATH\CodeIgniter.php(353): CodeIgniter\CodeIgniter->handleRequest(null, Object(Config\Cache), false)
13 FCPATH\index.php(79): CodeIgniter\CodeIgniter->run()
14 SYSTEMPATH\Commands\Server\rewrite.php(47): require_once('C:\\laragon\\www\\LaMall\\public\\index.php')
CRITICAL - 2023-10-01 04:59:02 --> Undefined variable $product
in APPPATH\Views\inc\productDetail.php on line 27.
 1 APPPATH\Views\inc\productDetail.php(27): CodeIgniter\Debug\Exceptions->errorHandler(2, 'Undefined variable $product', 'C:\\laragon\\www\\LaMall\\app\\Views\\inc\\productDetail.php', 27)
 2 SYSTEMPATH\View\View.php(226): include('C:\\laragon\\www\\LaMall\\app\\Views\\inc\\productDetail.php')
 3 SYSTEMPATH\View\View.php(229): CodeIgniter\View\View->CodeIgniter\View\{closure}()
 4 SYSTEMPATH\View\View.php(467): CodeIgniter\View\View->render('inc/productDetail', null, true)
 5 APPPATH\Views\index.php(7): CodeIgniter\View\View->include('inc/productDetail')
 6 SYSTEMPATH\View\View.php(226): include('C:\\laragon\\www\\LaMall\\app\\Views\\index.php')
 7 SYSTEMPATH\View\View.php(229): CodeIgniter\View\View->CodeIgniter\View\{closure}()
 8 SYSTEMPATH\Common.php(1188): CodeIgniter\View\View->render('index', [], true)
 9 APPPATH\Controllers\Home.php(9): view('index')
10 SYSTEMPATH\CodeIgniter.php(919): App\Controllers\Home->index()
11 SYSTEMPATH\CodeIgniter.php(494): CodeIgniter\CodeIgniter->runController(Object(App\Controllers\Home))
12 SYSTEMPATH\CodeIgniter.php(353): CodeIgniter\CodeIgniter->handleRequest(null, Object(Config\Cache), false)
13 FCPATH\index.php(79): CodeIgniter\CodeIgniter->run()
14 SYSTEMPATH\Commands\Server\rewrite.php(47): require_once('C:\\laragon\\www\\LaMall\\public\\index.php')
CRITICAL - 2023-10-01 05:27:37 --> Undefined variable $product
in APPPATH\Views\inc\productDetail.php on line 27.
 1 APPPATH\Views\inc\productDetail.php(27): CodeIgniter\Debug\Exceptions->errorHandler(2, 'Undefined variable $product', 'C:\\laragon\\www\\LaMall\\app\\Views\\inc\\productDetail.php', 27)
 2 SYSTEMPATH\View\View.php(226): include('C:\\laragon\\www\\LaMall\\app\\Views\\inc\\productDetail.php')
 3 SYSTEMPATH\View\View.php(229): CodeIgniter\View\View->CodeIgniter\View\{closure}()
 4 SYSTEMPATH\View\View.php(467): CodeIgniter\View\View->render('inc/productDetail', null, true)
 5 APPPATH\Views\index.php(7): CodeIgniter\View\View->include('inc/productDetail')
 6 SYSTEMPATH\View\View.php(226): include('C:\\laragon\\www\\LaMall\\app\\Views\\index.php')
 7 SYSTEMPATH\View\View.php(229): CodeIgniter\View\View->CodeIgniter\View\{closure}()
 8 SYSTEMPATH\Common.php(1188): CodeIgniter\View\View->render('index', [], true)
 9 APPPATH\Controllers\Home.php(9): view('index')
10 SYSTEMPATH\CodeIgniter.php(919): App\Controllers\Home->index()
11 SYSTEMPATH\CodeIgniter.php(494): CodeIgniter\CodeIgniter->runController(Object(App\Controllers\Home))
12 SYSTEMPATH\CodeIgniter.php(353): CodeIgniter\CodeIgniter->handleRequest(null, Object(Config\Cache), false)
13 FCPATH\index.php(79): CodeIgniter\CodeIgniter->run()
14 SYSTEMPATH\Commands\Server\rewrite.php(47): require_once('C:\\laragon\\www\\LaMall\\public\\index.php')
CRITICAL - 2023-10-01 05:37:07 --> Undefined variable $product
in APPPATH\Views\inc\productDetail.php on line 27.
 1 APPPATH\Views\inc\productDetail.php(27): CodeIgniter\Debug\Exceptions->errorHandler(2, 'Undefined variable $product', 'C:\\laragon\\www\\LaMall\\app\\Views\\inc\\productDetail.php', 27)
 2 SYSTEMPATH\View\View.php(226): include('C:\\laragon\\www\\LaMall\\app\\Views\\inc\\productDetail.php')
 3 SYSTEMPATH\View\View.php(229): CodeIgniter\View\View->CodeIgniter\View\{closure}()
 4 SYSTEMPATH\View\View.php(467): CodeIgniter\View\View->render('inc/productDetail', null, true)
 5 APPPATH\Views\index.php(7): CodeIgniter\View\View->include('inc/productDetail')
 6 SYSTEMPATH\View\View.php(226): include('C:\\laragon\\www\\LaMall\\app\\Views\\index.php')
 7 SYSTEMPATH\View\View.php(229): CodeIgniter\View\View->CodeIgniter\View\{closure}()
 8 SYSTEMPATH\Common.php(1188): CodeIgniter\View\View->render('index', [], true)
 9 APPPATH\Controllers\Home.php(9): view('index')
10 SYSTEMPATH\CodeIgniter.php(919): App\Controllers\Home->index()
11 SYSTEMPATH\CodeIgniter.php(494): CodeIgniter\CodeIgniter->runController(Object(App\Controllers\Home))
12 SYSTEMPATH\CodeIgniter.php(353): CodeIgniter\CodeIgniter->handleRequest(null, Object(Config\Cache), false)
13 FCPATH\index.php(79): CodeIgniter\CodeIgniter->run()
14 SYSTEMPATH\Commands\Server\rewrite.php(47): require_once('C:\\laragon\\www\\LaMall\\public\\index.php')
CRITICAL - 2023-10-01 05:43:02 --> Undefined variable $product
in APPPATH\Views\inc\productDetail.php on line 27.
 1 APPPATH\Views\inc\productDetail.php(27): CodeIgniter\Debug\Exceptions->errorHandler(2, 'Undefined variable $product', 'C:\\laragon\\www\\LaMall\\app\\Views\\inc\\productDetail.php', 27)
 2 SYSTEMPATH\View\View.php(226): include('C:\\laragon\\www\\LaMall\\app\\Views\\inc\\productDetail.php')
 3 SYSTEMPATH\View\View.php(229): CodeIgniter\View\View->CodeIgniter\View\{closure}()
 4 SYSTEMPATH\View\View.php(467): CodeIgniter\View\View->render('inc/productDetail', null, true)
 5 APPPATH\Views\index.php(7): CodeIgniter\View\View->include('inc/productDetail')
 6 SYSTEMPATH\View\View.php(226): include('C:\\laragon\\www\\LaMall\\app\\Views\\index.php')
 7 SYSTEMPATH\View\View.php(229): CodeIgniter\View\View->CodeIgniter\View\{closure}()
 8 SYSTEMPATH\Common.php(1188): CodeIgniter\View\View->render('index', [], true)
 9 APPPATH\Controllers\Home.php(9): view('index')
10 SYSTEMPATH\CodeIgniter.php(919): App\Controllers\Home->index()
11 SYSTEMPATH\CodeIgniter.php(494): CodeIgniter\CodeIgniter->runController(Object(App\Controllers\Home))
12 SYSTEMPATH\CodeIgniter.php(353): CodeIgniter\CodeIgniter->handleRequest(null, Object(Config\Cache), false)
13 FCPATH\index.php(79): CodeIgniter\CodeIgniter->run()
14 SYSTEMPATH\Commands\Server\rewrite.php(47): require_once('C:\\laragon\\www\\LaMall\\public\\index.php')
CRITICAL - 2023-10-01 05:59:41 --> Undefined variable $product
in APPPATH\Views\inc\productDetail.php on line 27.
 1 APPPATH\Views\inc\productDetail.php(27): CodeIgniter\Debug\Exceptions->errorHandler(2, 'Undefined variable $product', 'C:\\laragon\\www\\LaMall\\app\\Views\\inc\\productDetail.php', 27)
 2 SYSTEMPATH\View\View.php(226): include('C:\\laragon\\www\\LaMall\\app\\Views\\inc\\productDetail.php')
 3 SYSTEMPATH\View\View.php(229): CodeIgniter\View\View->CodeIgniter\View\{closure}()
 4 SYSTEMPATH\View\View.php(467): CodeIgniter\View\View->render('inc/productDetail', null, true)
 5 APPPATH\Views\index.php(7): CodeIgniter\View\View->include('inc/productDetail')
 6 SYSTEMPATH\View\View.php(226): include('C:\\laragon\\www\\LaMall\\app\\Views\\index.php')
 7 SYSTEMPATH\View\View.php(229): CodeIgniter\View\View->CodeIgniter\View\{closure}()
 8 SYSTEMPATH\Common.php(1188): CodeIgniter\View\View->render('index', [], true)
 9 APPPATH\Controllers\Home.php(9): view('index')
10 SYSTEMPATH\CodeIgniter.php(919): App\Controllers\Home->index()
11 SYSTEMPATH\CodeIgniter.php(494): CodeIgniter\CodeIgniter->runController(Object(App\Controllers\Home))
12 SYSTEMPATH\CodeIgniter.php(353): CodeIgniter\CodeIgniter->handleRequest(null, Object(Config\Cache), false)
13 FCPATH\index.php(79): CodeIgniter\CodeIgniter->run()
14 SYSTEMPATH\Commands\Server\rewrite.php(47): require_once('C:\\laragon\\www\\LaMall\\public\\index.php')
CRITICAL - 2023-10-01 06:01:59 --> Undefined variable $product
in APPPATH\Views\inc\productDetail.php on line 27.
 1 APPPATH\Views\inc\productDetail.php(27): CodeIgniter\Debug\Exceptions->errorHandler(2, 'Undefined variable $product', 'C:\\laragon\\www\\LaMall\\app\\Views\\inc\\productDetail.php', 27)
 2 SYSTEMPATH\View\View.php(226): include('C:\\laragon\\www\\LaMall\\app\\Views\\inc\\productDetail.php')
 3 SYSTEMPATH\View\View.php(229): CodeIgniter\View\View->CodeIgniter\View\{closure}()
 4 SYSTEMPATH\View\View.php(467): CodeIgniter\View\View->render('inc/productDetail', null, true)
 5 APPPATH\Views\index.php(7): CodeIgniter\View\View->include('inc/productDetail')
 6 SYSTEMPATH\View\View.php(226): include('C:\\laragon\\www\\LaMall\\app\\Views\\index.php')
 7 SYSTEMPATH\View\View.php(229): CodeIgniter\View\View->CodeIgniter\View\{closure}()
 8 SYSTEMPATH\Common.php(1188): CodeIgniter\View\View->render('index', [], true)
 9 APPPATH\Controllers\Home.php(9): view('index')
10 SYSTEMPATH\CodeIgniter.php(919): App\Controllers\Home->index()
11 SYSTEMPATH\CodeIgniter.php(494): CodeIgniter\CodeIgniter->runController(Object(App\Controllers\Home))
12 SYSTEMPATH\CodeIgniter.php(353): CodeIgniter\CodeIgniter->handleRequest(null, Object(Config\Cache), false)
13 FCPATH\index.php(79): CodeIgniter\CodeIgniter->run()
14 SYSTEMPATH\Commands\Server\rewrite.php(47): require_once('C:\\laragon\\www\\LaMall\\public\\index.php')
CRITICAL - 2023-10-01 10:54:11 --> Undefined variable $product
in APPPATH\Views\MallDetails.php on line 186.
 1 APPPATH\Views\MallDetails.php(186): CodeIgniter\Debug\Exceptions->errorHandler(2, 'Undefined variable $product', 'C:\\laragon\\www\\LaMalls\\app\\Views\\MallDetails.php', 186)
 2 SYSTEMPATH\View\View.php(226): include('C:\\laragon\\www\\LaMalls\\app\\Views\\MallDetails.php')
 3 SYSTEMPATH\View\View.php(229): CodeIgniter\View\View->CodeIgniter\View\{closure}()
 4 SYSTEMPATH\Common.php(1188): CodeIgniter\View\View->render('MallDetails', [], true)
 5 APPPATH\Controllers\ProductController.php(33): view('MallDetails', [...])
 6 SYSTEMPATH\CodeIgniter.php(919): App\Controllers\ProductController->home()
 7 SYSTEMPATH\CodeIgniter.php(494): CodeIgniter\CodeIgniter->runController(Object(App\Controllers\ProductController))
 8 SYSTEMPATH\CodeIgniter.php(353): CodeIgniter\CodeIgniter->handleRequest(null, Object(Config\Cache), false)
 9 FCPATH\index.php(79): CodeIgniter\CodeIgniter->run()
10 SYSTEMPATH\Commands\Server\rewrite.php(47): require_once('C:\\laragon\\www\\LaMalls\\public\\index.php')
CRITICAL - 2023-10-01 11:00:14 --> Undefined variable $products
in APPPATH\Views\MallDetails.php on line 187.
 1 APPPATH\Views\MallDetails.php(187): CodeIgniter\Debug\Exceptions->errorHandler(2, 'Undefined variable $products', 'C:\\laragon\\www\\LaMalls\\app\\Views\\MallDetails.php', 187)
 2 SYSTEMPATH\View\View.php(226): include('C:\\laragon\\www\\LaMalls\\app\\Views\\MallDetails.php')
 3 SYSTEMPATH\View\View.php(229): CodeIgniter\View\View->CodeIgniter\View\{closure}()
 4 SYSTEMPATH\Common.php(1188): CodeIgniter\View\View->render('MallDetails', [], true)
 5 APPPATH\Controllers\ProductController.php(39): view('MallDetails', [...])
 6 SYSTEMPATH\CodeIgniter.php(919): App\Controllers\ProductController->home()
 7 SYSTEMPATH\CodeIgniter.php(494): CodeIgniter\CodeIgniter->runController(Object(App\Controllers\ProductController))
 8 SYSTEMPATH\CodeIgniter.php(353): CodeIgniter\CodeIgniter->handleRequest(null, Object(Config\Cache), false)
 9 FCPATH\index.php(79): CodeIgniter\CodeIgniter->run()
10 SYSTEMPATH\Commands\Server\rewrite.php(47): require_once('C:\\laragon\\www\\LaMalls\\public\\index.php')
CRITICAL - 2023-10-01 11:00:15 --> Undefined variable $products
in APPPATH\Views\MallDetails.php on line 187.
 1 APPPATH\Views\MallDetails.php(187): CodeIgniter\Debug\Exceptions->errorHandler(2, 'Undefined variable $products', 'C:\\laragon\\www\\LaMalls\\app\\Views\\MallDetails.php', 187)
 2 SYSTEMPATH\View\View.php(226): include('C:\\laragon\\www\\LaMalls\\app\\Views\\MallDetails.php')
 3 SYSTEMPATH\View\View.php(229): CodeIgniter\View\View->CodeIgniter\View\{closure}()
 4 SYSTEMPATH\Common.php(1188): CodeIgniter\View\View->render('MallDetails', [], true)
 5 APPPATH\Controllers\ProductController.php(39): view('MallDetails', [...])
 6 SYSTEMPATH\CodeIgniter.php(919): App\Controllers\ProductController->home()
 7 SYSTEMPATH\CodeIgniter.php(494): CodeIgniter\CodeIgniter->runController(Object(App\Controllers\ProductController))
 8 SYSTEMPATH\CodeIgniter.php(353): CodeIgniter\CodeIgniter->handleRequest(null, Object(Config\Cache), false)
 9 FCPATH\index.php(79): CodeIgniter\CodeIgniter->run()
10 SYSTEMPATH\Commands\Server\rewrite.php(47): require_once('C:\\laragon\\www\\LaMalls\\public\\index.php')
CRITICAL - 2023-10-01 11:00:15 --> Undefined variable $products
in APPPATH\Views\MallDetails.php on line 187.
 1 APPPATH\Views\MallDetails.php(187): CodeIgniter\Debug\Exceptions->errorHandler(2, 'Undefined variable $products', 'C:\\laragon\\www\\LaMalls\\app\\Views\\MallDetails.php', 187)
 2 SYSTEMPATH\View\View.php(226): include('C:\\laragon\\www\\LaMalls\\app\\Views\\MallDetails.php')
 3 SYSTEMPATH\View\View.php(229): CodeIgniter\View\View->CodeIgniter\View\{closure}()
 4 SYSTEMPATH\Common.php(1188): CodeIgniter\View\View->render('MallDetails', [], true)
 5 APPPATH\Controllers\ProductController.php(39): view('MallDetails', [...])
 6 SYSTEMPATH\CodeIgniter.php(919): App\Controllers\ProductController->home()
 7 SYSTEMPATH\CodeIgniter.php(494): CodeIgniter\CodeIgniter->runController(Object(App\Controllers\ProductController))
 8 SYSTEMPATH\CodeIgniter.php(353): CodeIgniter\CodeIgniter->handleRequest(null, Object(Config\Cache), false)
 9 FCPATH\index.php(79): CodeIgniter\CodeIgniter->run()
10 SYSTEMPATH\Commands\Server\rewrite.php(47): require_once('C:\\laragon\\www\\LaMalls\\public\\index.php')
CRITICAL - 2023-10-01 11:03:04 --> Undefined variable $mallhome
in APPPATH\Views\MallDetails.php on line 187.
 1 APPPATH\Views\MallDetails.php(187): CodeIgniter\Debug\Exceptions->errorHandler(2, 'Undefined variable $mallhome', 'C:\\laragon\\www\\LaMalls\\app\\Views\\MallDetails.php', 187)
 2 SYSTEMPATH\View\View.php(226): include('C:\\laragon\\www\\LaMalls\\app\\Views\\MallDetails.php')
 3 SYSTEMPATH\View\View.php(229): CodeIgniter\View\View->CodeIgniter\View\{closure}()
 4 SYSTEMPATH\Common.php(1188): CodeIgniter\View\View->render('MallDetails', [], true)
 5 APPPATH\Controllers\ProductController.php(39): view('MallDetails', [...])
 6 SYSTEMPATH\CodeIgniter.php(919): App\Controllers\ProductController->home()
 7 SYSTEMPATH\CodeIgniter.php(494): CodeIgniter\CodeIgniter->runController(Object(App\Controllers\ProductController))
 8 SYSTEMPATH\CodeIgniter.php(353): CodeIgniter\CodeIgniter->handleRequest(null, Object(Config\Cache), false)
 9 FCPATH\index.php(79): CodeIgniter\CodeIgniter->run()
10 SYSTEMPATH\Commands\Server\rewrite.php(47): require_once('C:\\laragon\\www\\LaMalls\\public\\index.php')
CRITICAL - 2023-10-01 11:03:05 --> Undefined variable $mallhome
in APPPATH\Views\MallDetails.php on line 187.
 1 APPPATH\Views\MallDetails.php(187): CodeIgniter\Debug\Exceptions->errorHandler(2, 'Undefined variable $mallhome', 'C:\\laragon\\www\\LaMalls\\app\\Views\\MallDetails.php', 187)
 2 SYSTEMPATH\View\View.php(226): include('C:\\laragon\\www\\LaMalls\\app\\Views\\MallDetails.php')
 3 SYSTEMPATH\View\View.php(229): CodeIgniter\View\View->CodeIgniter\View\{closure}()
 4 SYSTEMPATH\Common.php(1188): CodeIgniter\View\View->render('MallDetails', [], true)
 5 APPPATH\Controllers\ProductController.php(39): view('MallDetails', [...])
 6 SYSTEMPATH\CodeIgniter.php(919): App\Controllers\ProductController->home()
 7 SYSTEMPATH\CodeIgniter.php(494): CodeIgniter\CodeIgniter->runController(Object(App\Controllers\ProductController))
 8 SYSTEMPATH\CodeIgniter.php(353): CodeIgniter\CodeIgniter->handleRequest(null, Object(Config\Cache), false)
 9 FCPATH\index.php(79): CodeIgniter\CodeIgniter->run()
10 SYSTEMPATH\Commands\Server\rewrite.php(47): require_once('C:\\laragon\\www\\LaMalls\\public\\index.php')
CRITICAL - 2023-10-01 11:03:05 --> Undefined variable $mallhome
in APPPATH\Views\MallDetails.php on line 187.
 1 APPPATH\Views\MallDetails.php(187): CodeIgniter\Debug\Exceptions->errorHandler(2, 'Undefined variable $mallhome', 'C:\\laragon\\www\\LaMalls\\app\\Views\\MallDetails.php', 187)
 2 SYSTEMPATH\View\View.php(226): include('C:\\laragon\\www\\LaMalls\\app\\Views\\MallDetails.php')
 3 SYSTEMPATH\View\View.php(229): CodeIgniter\View\View->CodeIgniter\View\{closure}()
 4 SYSTEMPATH\Common.php(1188): CodeIgniter\View\View->render('MallDetails', [], true)
 5 APPPATH\Controllers\ProductController.php(39): view('MallDetails', [...])
 6 SYSTEMPATH\CodeIgniter.php(919): App\Controllers\ProductController->home()
 7 SYSTEMPATH\CodeIgniter.php(494): CodeIgniter\CodeIgniter->runController(Object(App\Controllers\ProductController))
 8 SYSTEMPATH\CodeIgniter.php(353): CodeIgniter\CodeIgniter->handleRequest(null, Object(Config\Cache), false)
 9 FCPATH\index.php(79): CodeIgniter\CodeIgniter->run()
10 SYSTEMPATH\Commands\Server\rewrite.php(47): require_once('C:\\laragon\\www\\LaMalls\\public\\index.php')
CRITICAL - 2023-10-01 11:03:06 --> Undefined variable $mallhome
in APPPATH\Views\MallDetails.php on line 187.
 1 APPPATH\Views\MallDetails.php(187): CodeIgniter\Debug\Exceptions->errorHandler(2, 'Undefined variable $mallhome', 'C:\\laragon\\www\\LaMalls\\app\\Views\\MallDetails.php', 187)
 2 SYSTEMPATH\View\View.php(226): include('C:\\laragon\\www\\LaMalls\\app\\Views\\MallDetails.php')
 3 SYSTEMPATH\View\View.php(229): CodeIgniter\View\View->CodeIgniter\View\{closure}()
 4 SYSTEMPATH\Common.php(1188): CodeIgniter\View\View->render('MallDetails', [], true)
 5 APPPATH\Controllers\ProductController.php(39): view('MallDetails', [...])
 6 SYSTEMPATH\CodeIgniter.php(919): App\Controllers\ProductController->home()
 7 SYSTEMPATH\CodeIgniter.php(494): CodeIgniter\CodeIgniter->runController(Object(App\Controllers\ProductController))
 8 SYSTEMPATH\CodeIgniter.php(353): CodeIgniter\CodeIgniter->handleRequest(null, Object(Config\Cache), false)
 9 FCPATH\index.php(79): CodeIgniter\CodeIgniter->run()
10 SYSTEMPATH\Commands\Server\rewrite.php(47): require_once('C:\\laragon\\www\\LaMalls\\public\\index.php')
CRITICAL - 2023-10-01 11:03:06 --> Undefined variable $mallhome
in APPPATH\Views\MallDetails.php on line 187.
 1 APPPATH\Views\MallDetails.php(187): CodeIgniter\Debug\Exceptions->errorHandler(2, 'Undefined variable $mallhome', 'C:\\laragon\\www\\LaMalls\\app\\Views\\MallDetails.php', 187)
 2 SYSTEMPATH\View\View.php(226): include('C:\\laragon\\www\\LaMalls\\app\\Views\\MallDetails.php')
 3 SYSTEMPATH\View\View.php(229): CodeIgniter\View\View->CodeIgniter\View\{closure}()
 4 SYSTEMPATH\Common.php(1188): CodeIgniter\View\View->render('MallDetails', [], true)
 5 APPPATH\Controllers\ProductController.php(39): view('MallDetails', [...])
 6 SYSTEMPATH\CodeIgniter.php(919): App\Controllers\ProductController->home()
 7 SYSTEMPATH\CodeIgniter.php(494): CodeIgniter\CodeIgniter->runController(Object(App\Controllers\ProductController))
 8 SYSTEMPATH\CodeIgniter.php(353): CodeIgniter\CodeIgniter->handleRequest(null, Object(Config\Cache), false)
 9 FCPATH\index.php(79): CodeIgniter\CodeIgniter->run()
10 SYSTEMPATH\Commands\Server\rewrite.php(47): require_once('C:\\laragon\\www\\LaMalls\\public\\index.php')
CRITICAL - 2023-10-01 11:03:06 --> Undefined variable $mallhome
in APPPATH\Views\MallDetails.php on line 187.
 1 APPPATH\Views\MallDetails.php(187): CodeIgniter\Debug\Exceptions->errorHandler(2, 'Undefined variable $mallhome', 'C:\\laragon\\www\\LaMalls\\app\\Views\\MallDetails.php', 187)
 2 SYSTEMPATH\View\View.php(226): include('C:\\laragon\\www\\LaMalls\\app\\Views\\MallDetails.php')
 3 SYSTEMPATH\View\View.php(229): CodeIgniter\View\View->CodeIgniter\View\{closure}()
 4 SYSTEMPATH\Common.php(1188): CodeIgniter\View\View->render('MallDetails', [], true)
 5 APPPATH\Controllers\ProductController.php(39): view('MallDetails', [...])
 6 SYSTEMPATH\CodeIgniter.php(919): App\Controllers\ProductController->home()
 7 SYSTEMPATH\CodeIgniter.php(494): CodeIgniter\CodeIgniter->runController(Object(App\Controllers\ProductController))
 8 SYSTEMPATH\CodeIgniter.php(353): CodeIgniter\CodeIgniter->handleRequest(null, Object(Config\Cache), false)
 9 FCPATH\index.php(79): CodeIgniter\CodeIgniter->run()
10 SYSTEMPATH\Commands\Server\rewrite.php(47): require_once('C:\\laragon\\www\\LaMalls\\public\\index.php')
CRITICAL - 2023-10-01 11:03:07 --> Undefined variable $mallhome
in APPPATH\Views\MallDetails.php on line 187.
 1 APPPATH\Views\MallDetails.php(187): CodeIgniter\Debug\Exceptions->errorHandler(2, 'Undefined variable $mallhome', 'C:\\laragon\\www\\LaMalls\\app\\Views\\MallDetails.php', 187)
 2 SYSTEMPATH\View\View.php(226): include('C:\\laragon\\www\\LaMalls\\app\\Views\\MallDetails.php')
 3 SYSTEMPATH\View\View.php(229): CodeIgniter\View\View->CodeIgniter\View\{closure}()
 4 SYSTEMPATH\Common.php(1188): CodeIgniter\View\View->render('MallDetails', [], true)
 5 APPPATH\Controllers\ProductController.php(39): view('MallDetails', [...])
 6 SYSTEMPATH\CodeIgniter.php(919): App\Controllers\ProductController->home()
 7 SYSTEMPATH\CodeIgniter.php(494): CodeIgniter\CodeIgniter->runController(Object(App\Controllers\ProductController))
 8 SYSTEMPATH\CodeIgniter.php(353): CodeIgniter\CodeIgniter->handleRequest(null, Object(Config\Cache), false)
 9 FCPATH\index.php(79): CodeIgniter\CodeIgniter->run()
10 SYSTEMPATH\Commands\Server\rewrite.php(47): require_once('C:\\laragon\\www\\LaMalls\\public\\index.php')
CRITICAL - 2023-10-01 11:03:33 --> Undefined variable $mallhome
in APPPATH\Views\MallDetails.php on line 187.
 1 APPPATH\Views\MallDetails.php(187): CodeIgniter\Debug\Exceptions->errorHandler(2, 'Undefined variable $mallhome', 'C:\\laragon\\www\\LaMalls\\app\\Views\\MallDetails.php', 187)
 2 SYSTEMPATH\View\View.php(226): include('C:\\laragon\\www\\LaMalls\\app\\Views\\MallDetails.php')
 3 SYSTEMPATH\View\View.php(229): CodeIgniter\View\View->CodeIgniter\View\{closure}()
 4 SYSTEMPATH\Common.php(1188): CodeIgniter\View\View->render('MallDetails', [], true)
 5 APPPATH\Controllers\ProductController.php(39): view('MallDetails', [...])
 6 SYSTEMPATH\CodeIgniter.php(919): App\Controllers\ProductController->home()
 7 SYSTEMPATH\CodeIgniter.php(494): CodeIgniter\CodeIgniter->runController(Object(App\Controllers\ProductController))
 8 SYSTEMPATH\CodeIgniter.php(353): CodeIgniter\CodeIgniter->handleRequest(null, Object(Config\Cache), false)
 9 FCPATH\index.php(79): CodeIgniter\CodeIgniter->run()
10 SYSTEMPATH\Commands\Server\rewrite.php(47): require_once('C:\\laragon\\www\\LaMalls\\public\\index.php')
CRITICAL - 2023-10-01 11:03:38 --> Undefined variable $mallhome
in APPPATH\Views\MallDetails.php on line 187.
 1 APPPATH\Views\MallDetails.php(187): CodeIgniter\Debug\Exceptions->errorHandler(2, 'Undefined variable $mallhome', 'C:\\laragon\\www\\LaMalls\\app\\Views\\MallDetails.php', 187)
 2 SYSTEMPATH\View\View.php(226): include('C:\\laragon\\www\\LaMalls\\app\\Views\\MallDetails.php')
 3 SYSTEMPATH\View\View.php(229): CodeIgniter\View\View->CodeIgniter\View\{closure}()
 4 SYSTEMPATH\Common.php(1188): CodeIgniter\View\View->render('MallDetails', [], true)
 5 APPPATH\Controllers\ProductController.php(39): view('MallDetails', [...])
 6 SYSTEMPATH\CodeIgniter.php(919): App\Controllers\ProductController->home()
 7 SYSTEMPATH\CodeIgniter.php(494): CodeIgniter\CodeIgniter->runController(Object(App\Controllers\ProductController))
 8 SYSTEMPATH\CodeIgniter.php(353): CodeIgniter\CodeIgniter->handleRequest(null, Object(Config\Cache), false)
 9 FCPATH\index.php(79): CodeIgniter\CodeIgniter->run()
10 SYSTEMPATH\Commands\Server\rewrite.php(47): require_once('C:\\laragon\\www\\LaMalls\\public\\index.php')
CRITICAL - 2023-10-01 11:04:18 --> Undefined variable $mall
in APPPATH\Views\MallDetails.php on line 187.
 1 APPPATH\Views\MallDetails.php(187): CodeIgniter\Debug\Exceptions->errorHandler(2, 'Undefined variable $mall', 'C:\\laragon\\www\\LaMalls\\app\\Views\\MallDetails.php', 187)
 2 SYSTEMPATH\View\View.php(226): include('C:\\laragon\\www\\LaMalls\\app\\Views\\MallDetails.php')
 3 SYSTEMPATH\View\View.php(229): CodeIgniter\View\View->CodeIgniter\View\{closure}()
 4 SYSTEMPATH\Common.php(1188): CodeIgniter\View\View->render('MallDetails', [], true)
 5 APPPATH\Controllers\ProductController.php(39): view('MallDetails', [...])
 6 SYSTEMPATH\CodeIgniter.php(919): App\Controllers\ProductController->home()
 7 SYSTEMPATH\CodeIgniter.php(494): CodeIgniter\CodeIgniter->runController(Object(App\Controllers\ProductController))
 8 SYSTEMPATH\CodeIgniter.php(353): CodeIgniter\CodeIgniter->handleRequest(null, Object(Config\Cache), false)
 9 FCPATH\index.php(79): CodeIgniter\CodeIgniter->run()
10 SYSTEMPATH\Commands\Server\rewrite.php(47): require_once('C:\\laragon\\www\\LaMalls\\public\\index.php')
CRITICAL - 2023-10-01 11:04:19 --> Undefined variable $mall
in APPPATH\Views\MallDetails.php on line 187.
 1 APPPATH\Views\MallDetails.php(187): CodeIgniter\Debug\Exceptions->errorHandler(2, 'Undefined variable $mall', 'C:\\laragon\\www\\LaMalls\\app\\Views\\MallDetails.php', 187)
 2 SYSTEMPATH\View\View.php(226): include('C:\\laragon\\www\\LaMalls\\app\\Views\\MallDetails.php')
 3 SYSTEMPATH\View\View.php(229): CodeIgniter\View\View->CodeIgniter\View\{closure}()
 4 SYSTEMPATH\Common.php(1188): CodeIgniter\View\View->render('MallDetails', [], true)
 5 APPPATH\Controllers\ProductController.php(39): view('MallDetails', [...])
 6 SYSTEMPATH\CodeIgniter.php(919): App\Controllers\ProductController->home()
 7 SYSTEMPATH\CodeIgniter.php(494): CodeIgniter\CodeIgniter->runController(Object(App\Controllers\ProductController))
 8 SYSTEMPATH\CodeIgniter.php(353): CodeIgniter\CodeIgniter->handleRequest(null, Object(Config\Cache), false)
 9 FCPATH\index.php(79): CodeIgniter\CodeIgniter->run()
10 SYSTEMPATH\Commands\Server\rewrite.php(47): require_once('C:\\laragon\\www\\LaMalls\\public\\index.php')
CRITICAL - 2023-10-01 11:04:20 --> Undefined variable $mall
in APPPATH\Views\MallDetails.php on line 187.
 1 APPPATH\Views\MallDetails.php(187): CodeIgniter\Debug\Exceptions->errorHandler(2, 'Undefined variable $mall', 'C:\\laragon\\www\\LaMalls\\app\\Views\\MallDetails.php', 187)
 2 SYSTEMPATH\View\View.php(226): include('C:\\laragon\\www\\LaMalls\\app\\Views\\MallDetails.php')
 3 SYSTEMPATH\View\View.php(229): CodeIgniter\View\View->CodeIgniter\View\{closure}()
 4 SYSTEMPATH\Common.php(1188): CodeIgniter\View\View->render('MallDetails', [], true)
 5 APPPATH\Controllers\ProductController.php(39): view('MallDetails', [...])
 6 SYSTEMPATH\CodeIgniter.php(919): App\Controllers\ProductController->home()
 7 SYSTEMPATH\CodeIgniter.php(494): CodeIgniter\CodeIgniter->runController(Object(App\Controllers\ProductController))
 8 SYSTEMPATH\CodeIgniter.php(353): CodeIgniter\CodeIgniter->handleRequest(null, Object(Config\Cache), false)
 9 FCPATH\index.php(79): CodeIgniter\CodeIgniter->run()
10 SYSTEMPATH\Commands\Server\rewrite.php(47): require_once('C:\\laragon\\www\\LaMalls\\public\\index.php')
CRITICAL - 2023-10-01 11:04:20 --> Undefined variable $mall
in APPPATH\Views\MallDetails.php on line 187.
 1 APPPATH\Views\MallDetails.php(187): CodeIgniter\Debug\Exceptions->errorHandler(2, 'Undefined variable $mall', 'C:\\laragon\\www\\LaMalls\\app\\Views\\MallDetails.php', 187)
 2 SYSTEMPATH\View\View.php(226): include('C:\\laragon\\www\\LaMalls\\app\\Views\\MallDetails.php')
 3 SYSTEMPATH\View\View.php(229): CodeIgniter\View\View->CodeIgniter\View\{closure}()
 4 SYSTEMPATH\Common.php(1188): CodeIgniter\View\View->render('MallDetails', [], true)
 5 APPPATH\Controllers\ProductController.php(39): view('MallDetails', [...])
 6 SYSTEMPATH\CodeIgniter.php(919): App\Controllers\ProductController->home()
 7 SYSTEMPATH\CodeIgniter.php(494): CodeIgniter\CodeIgniter->runController(Object(App\Controllers\ProductController))
 8 SYSTEMPATH\CodeIgniter.php(353): CodeIgniter\CodeIgniter->handleRequest(null, Object(Config\Cache), false)
 9 FCPATH\index.php(79): CodeIgniter\CodeIgniter->run()
10 SYSTEMPATH\Commands\Server\rewrite.php(47): require_once('C:\\laragon\\www\\LaMalls\\public\\index.php')
CRITICAL - 2023-10-01 11:04:20 --> Undefined variable $mall
in APPPATH\Views\MallDetails.php on line 187.
 1 APPPATH\Views\MallDetails.php(187): CodeIgniter\Debug\Exceptions->errorHandler(2, 'Undefined variable $mall', 'C:\\laragon\\www\\LaMalls\\app\\Views\\MallDetails.php', 187)
 2 SYSTEMPATH\View\View.php(226): include('C:\\laragon\\www\\LaMalls\\app\\Views\\MallDetails.php')
 3 SYSTEMPATH\View\View.php(229): CodeIgniter\View\View->CodeIgniter\View\{closure}()
 4 SYSTEMPATH\Common.php(1188): CodeIgniter\View\View->render('MallDetails', [], true)
 5 APPPATH\Controllers\ProductController.php(39): view('MallDetails', [...])
 6 SYSTEMPATH\CodeIgniter.php(919): App\Controllers\ProductController->home()
 7 SYSTEMPATH\CodeIgniter.php(494): CodeIgniter\CodeIgniter->runController(Object(App\Controllers\ProductController))
 8 SYSTEMPATH\CodeIgniter.php(353): CodeIgniter\CodeIgniter->handleRequest(null, Object(Config\Cache), false)
 9 FCPATH\index.php(79): CodeIgniter\CodeIgniter->run()
10 SYSTEMPATH\Commands\Server\rewrite.php(47): require_once('C:\\laragon\\www\\LaMalls\\public\\index.php')
CRITICAL - 2023-10-01 11:05:22 --> Undefined variable $mall
in APPPATH\Views\MallDetails.php on line 187.
 1 APPPATH\Views\MallDetails.php(187): CodeIgniter\Debug\Exceptions->errorHandler(2, 'Undefined variable $mall', 'C:\\laragon\\www\\LaMalls\\app\\Views\\MallDetails.php', 187)
 2 SYSTEMPATH\View\View.php(226): include('C:\\laragon\\www\\LaMalls\\app\\Views\\MallDetails.php')
 3 SYSTEMPATH\View\View.php(229): CodeIgniter\View\View->CodeIgniter\View\{closure}()
 4 SYSTEMPATH\Common.php(1188): CodeIgniter\View\View->render('MallDetails', [], true)
 5 APPPATH\Controllers\ProductController.php(40): view('MallDetails', [...])
 6 SYSTEMPATH\CodeIgniter.php(919): App\Controllers\ProductController->home()
 7 SYSTEMPATH\CodeIgniter.php(494): CodeIgniter\CodeIgniter->runController(Object(App\Controllers\ProductController))
 8 SYSTEMPATH\CodeIgniter.php(353): CodeIgniter\CodeIgniter->handleRequest(null, Object(Config\Cache), false)
 9 FCPATH\index.php(79): CodeIgniter\CodeIgniter->run()
10 SYSTEMPATH\Commands\Server\rewrite.php(47): require_once('C:\\laragon\\www\\LaMalls\\public\\index.php')
CRITICAL - 2023-10-01 11:10:14 --> syntax error, unexpected token "public", expecting end of file
in APPPATH\Controllers\ProductController.php on line 31.
 1 SYSTEMPATH\Autoloader\Autoloader.php(285): CodeIgniter\Autoloader\Autoloader->includeFile('C:\\laragon\\www\\LaMalls\\app\\Controllers\\ProductController.php')
 2 SYSTEMPATH\Autoloader\Autoloader.php(263): CodeIgniter\Autoloader\Autoloader->loadInNamespace('App\\Controllers\\ProductController')
 3 [internal function]: CodeIgniter\Autoloader\Autoloader->loadClass('App\\Controllers\\ProductController')
 4 SYSTEMPATH\CodeIgniter.php(877): class_exists('\\App\\Controllers\\ProductController', true)
 5 SYSTEMPATH\CodeIgniter.php(481): CodeIgniter\CodeIgniter->startController()
 6 SYSTEMPATH\CodeIgniter.php(353): CodeIgniter\CodeIgniter->handleRequest(null, Object(Config\Cache), false)
 7 FCPATH\index.php(79): CodeIgniter\CodeIgniter->run()
 8 SYSTEMPATH\Commands\Server\rewrite.php(47): require_once('C:\\laragon\\www\\LaMalls\\public\\index.php')
CRITICAL - 2023-10-01 11:10:56 --> syntax error, unexpected token "public", expecting end of file
in APPPATH\Controllers\ProductController.php on line 31.
 1 SYSTEMPATH\Autoloader\Autoloader.php(285): CodeIgniter\Autoloader\Autoloader->includeFile('C:\\laragon\\www\\LaMalls\\app\\Controllers\\ProductController.php')
 2 SYSTEMPATH\Autoloader\Autoloader.php(263): CodeIgniter\Autoloader\Autoloader->loadInNamespace('App\\Controllers\\ProductController')
 3 [internal function]: CodeIgniter\Autoloader\Autoloader->loadClass('App\\Controllers\\ProductController')
 4 SYSTEMPATH\CodeIgniter.php(877): class_exists('\\App\\Controllers\\ProductController', true)
 5 SYSTEMPATH\CodeIgniter.php(481): CodeIgniter\CodeIgniter->startController()
 6 SYSTEMPATH\CodeIgniter.php(353): CodeIgniter\CodeIgniter->handleRequest(null, Object(Config\Cache), false)
 7 FCPATH\index.php(79): CodeIgniter\CodeIgniter->run()
 8 SYSTEMPATH\Commands\Server\rewrite.php(47): require_once('C:\\laragon\\www\\LaMalls\\public\\index.php')
CRITICAL - 2023-10-01 11:10:56 --> syntax error, unexpected token "public", expecting end of file
in APPPATH\Controllers\ProductController.php on line 31.
 1 SYSTEMPATH\Autoloader\Autoloader.php(285): CodeIgniter\Autoloader\Autoloader->includeFile('C:\\laragon\\www\\LaMalls\\app\\Controllers\\ProductController.php')
 2 SYSTEMPATH\Autoloader\Autoloader.php(263): CodeIgniter\Autoloader\Autoloader->loadInNamespace('App\\Controllers\\ProductController')
 3 [internal function]: CodeIgniter\Autoloader\Autoloader->loadClass('App\\Controllers\\ProductController')
 4 SYSTEMPATH\CodeIgniter.php(877): class_exists('\\App\\Controllers\\ProductController', true)
 5 SYSTEMPATH\CodeIgniter.php(481): CodeIgniter\CodeIgniter->startController()
 6 SYSTEMPATH\CodeIgniter.php(353): CodeIgniter\CodeIgniter->handleRequest(null, Object(Config\Cache), false)
 7 FCPATH\index.php(79): CodeIgniter\CodeIgniter->run()
 8 SYSTEMPATH\Commands\Server\rewrite.php(47): require_once('C:\\laragon\\www\\LaMalls\\public\\index.php')
CRITICAL - 2023-10-01 11:10:57 --> syntax error, unexpected token "public", expecting end of file
in APPPATH\Controllers\ProductController.php on line 31.
 1 SYSTEMPATH\Autoloader\Autoloader.php(285): CodeIgniter\Autoloader\Autoloader->includeFile('C:\\laragon\\www\\LaMalls\\app\\Controllers\\ProductController.php')
 2 SYSTEMPATH\Autoloader\Autoloader.php(263): CodeIgniter\Autoloader\Autoloader->loadInNamespace('App\\Controllers\\ProductController')
 3 [internal function]: CodeIgniter\Autoloader\Autoloader->loadClass('App\\Controllers\\ProductController')
 4 SYSTEMPATH\CodeIgniter.php(877): class_exists('\\App\\Controllers\\ProductController', true)
 5 SYSTEMPATH\CodeIgniter.php(481): CodeIgniter\CodeIgniter->startController()
 6 SYSTEMPATH\CodeIgniter.php(353): CodeIgniter\CodeIgniter->handleRequest(null, Object(Config\Cache), false)
 7 FCPATH\index.php(79): CodeIgniter\CodeIgniter->run()
 8 SYSTEMPATH\Commands\Server\rewrite.php(47): require_once('C:\\laragon\\www\\LaMalls\\public\\index.php')
CRITICAL - 2023-10-01 11:10:57 --> syntax error, unexpected token "public", expecting end of file
in APPPATH\Controllers\ProductController.php on line 31.
 1 SYSTEMPATH\Autoloader\Autoloader.php(285): CodeIgniter\Autoloader\Autoloader->includeFile('C:\\laragon\\www\\LaMalls\\app\\Controllers\\ProductController.php')
 2 SYSTEMPATH\Autoloader\Autoloader.php(263): CodeIgniter\Autoloader\Autoloader->loadInNamespace('App\\Controllers\\ProductController')
 3 [internal function]: CodeIgniter\Autoloader\Autoloader->loadClass('App\\Controllers\\ProductController')
 4 SYSTEMPATH\CodeIgniter.php(877): class_exists('\\App\\Controllers\\ProductController', true)
 5 SYSTEMPATH\CodeIgniter.php(481): CodeIgniter\CodeIgniter->startController()
 6 SYSTEMPATH\CodeIgniter.php(353): CodeIgniter\CodeIgniter->handleRequest(null, Object(Config\Cache), false)
 7 FCPATH\index.php(79): CodeIgniter\CodeIgniter->run()
 8 SYSTEMPATH\Commands\Server\rewrite.php(47): require_once('C:\\laragon\\www\\LaMalls\\public\\index.php')
CRITICAL - 2023-10-01 11:50:08 --> Undefined variable $mall
in APPPATH\Views\MallDetails.php on line 194.
 1 APPPATH\Views\MallDetails.php(194): CodeIgniter\Debug\Exceptions->errorHandler(2, 'Undefined variable $mall', 'C:\\laragon\\www\\LaMalls\\app\\Views\\MallDetails.php', 194)
 2 SYSTEMPATH\View\View.php(226): include('C:\\laragon\\www\\LaMalls\\app\\Views\\MallDetails.php')
 3 SYSTEMPATH\View\View.php(229): CodeIgniter\View\View->CodeIgniter\View\{closure}()
 4 SYSTEMPATH\Common.php(1188): CodeIgniter\View\View->render('MallDetails', [], true)
 5 APPPATH\Controllers\ProductController.php(34): view('MallDetails', [...])
 6 SYSTEMPATH\CodeIgniter.php(919): App\Controllers\ProductController->home()
 7 SYSTEMPATH\CodeIgniter.php(494): CodeIgniter\CodeIgniter->runController(Object(App\Controllers\ProductController))
 8 SYSTEMPATH\CodeIgniter.php(353): CodeIgniter\CodeIgniter->handleRequest(null, Object(Config\Cache), false)
 9 FCPATH\index.php(79): CodeIgniter\CodeIgniter->run()
10 SYSTEMPATH\Commands\Server\rewrite.php(47): require_once('C:\\laragon\\www\\LaMalls\\public\\index.php')
CRITICAL - 2023-10-01 13:56:04 --> syntax error, unexpected identifier "m", expecting "]"
in APPPATH\Controllers\ProductController.php on line 35.
 1 SYSTEMPATH\Autoloader\Autoloader.php(285): CodeIgniter\Autoloader\Autoloader->includeFile('C:\\laragon\\www\\LaMalls\\app\\Controllers\\ProductController.php')
 2 SYSTEMPATH\Autoloader\Autoloader.php(263): CodeIgniter\Autoloader\Autoloader->loadInNamespace('App\\Controllers\\ProductController')
 3 [internal function]: CodeIgniter\Autoloader\Autoloader->loadClass('App\\Controllers\\ProductController')
 4 SYSTEMPATH\CodeIgniter.php(877): class_exists('\\App\\Controllers\\ProductController', true)
 5 SYSTEMPATH\CodeIgniter.php(481): CodeIgniter\CodeIgniter->startController()
 6 SYSTEMPATH\CodeIgniter.php(353): CodeIgniter\CodeIgniter->handleRequest(null, Object(Config\Cache), false)
 7 FCPATH\index.php(79): CodeIgniter\CodeIgniter->run()
 8 SYSTEMPATH\Commands\Server\rewrite.php(47): require_once('C:\\laragon\\www\\LaMalls\\public\\index.php')
CRITICAL - 2023-10-01 13:57:29 --> syntax error, unexpected token "public"
in APPPATH\Controllers\ProductController.php on line 41.
 1 SYSTEMPATH\Autoloader\Autoloader.php(285): CodeIgniter\Autoloader\Autoloader->includeFile('C:\\laragon\\www\\LaMalls\\app\\Controllers\\ProductController.php')
 2 SYSTEMPATH\Autoloader\Autoloader.php(263): CodeIgniter\Autoloader\Autoloader->loadInNamespace('App\\Controllers\\ProductController')
 3 [internal function]: CodeIgniter\Autoloader\Autoloader->loadClass('App\\Controllers\\ProductController')
 4 SYSTEMPATH\CodeIgniter.php(877): class_exists('\\App\\Controllers\\ProductController', true)
 5 SYSTEMPATH\CodeIgniter.php(481): CodeIgniter\CodeIgniter->startController()
 6 SYSTEMPATH\CodeIgniter.php(353): CodeIgniter\CodeIgniter->handleRequest(null, Object(Config\Cache), false)
 7 FCPATH\index.php(79): CodeIgniter\CodeIgniter->run()
 8 SYSTEMPATH\Commands\Server\rewrite.php(47): require_once('C:\\laragon\\www\\LaMalls\\public\\index.php')
CRITICAL - 2023-10-01 13:57:30 --> syntax error, unexpected token "public"
in APPPATH\Controllers\ProductController.php on line 41.
 1 SYSTEMPATH\Autoloader\Autoloader.php(285): CodeIgniter\Autoloader\Autoloader->includeFile('C:\\laragon\\www\\LaMalls\\app\\Controllers\\ProductController.php')
 2 SYSTEMPATH\Autoloader\Autoloader.php(263): CodeIgniter\Autoloader\Autoloader->loadInNamespace('App\\Controllers\\ProductController')
 3 [internal function]: CodeIgniter\Autoloader\Autoloader->loadClass('App\\Controllers\\ProductController')
 4 SYSTEMPATH\CodeIgniter.php(877): class_exists('\\App\\Controllers\\ProductController', true)
 5 SYSTEMPATH\CodeIgniter.php(481): CodeIgniter\CodeIgniter->startController()
 6 SYSTEMPATH\CodeIgniter.php(353): CodeIgniter\CodeIgniter->handleRequest(null, Object(Config\Cache), false)
 7 FCPATH\index.php(79): CodeIgniter\CodeIgniter->run()
 8 SYSTEMPATH\Commands\Server\rewrite.php(47): require_once('C:\\laragon\\www\\LaMalls\\public\\index.php')
CRITICAL - 2023-10-01 15:57:26 --> Undefined property: App\Controllers\ProductController::$med
in APPPATH\Controllers\ProductController.php on line 46.
 1 APPPATH\Controllers\ProductController.php(46): CodeIgniter\Debug\Exceptions->errorHandler(2, 'Undefined property: App\\Controllers\\ProductController::$med', 'C:\\laragon\\www\\LaMalls\\app\\Controllers\\ProductController.php', 46)
 2 SYSTEMPATH\CodeIgniter.php(919): App\Controllers\ProductController->admin()
 3 SYSTEMPATH\CodeIgniter.php(494): CodeIgniter\CodeIgniter->runController(Object(App\Controllers\ProductController))
 4 SYSTEMPATH\CodeIgniter.php(353): CodeIgniter\CodeIgniter->handleRequest(null, Object(Config\Cache), false)
 5 FCPATH\index.php(79): CodeIgniter\CodeIgniter->run()
 6 SYSTEMPATH\Commands\Server\rewrite.php(47): require_once('C:\\laragon\\www\\LaMalls\\public\\index.php')
CRITICAL - 2023-10-01 15:58:16 --> syntax error, unexpected token "[", expecting variable or "{" or "$"
in APPPATH\Views\admin.php on line 167.
 1 SYSTEMPATH\View\View.php(229): CodeIgniter\View\View->CodeIgniter\View\{closure}()
 2 SYSTEMPATH\Common.php(1188): CodeIgniter\View\View->render('admin', [], true)
 3 APPPATH\Controllers\ProductController.php(48): view('admin', [...])
 4 SYSTEMPATH\CodeIgniter.php(919): App\Controllers\ProductController->admin()
 5 SYSTEMPATH\CodeIgniter.php(494): CodeIgniter\CodeIgniter->runController(Object(App\Controllers\ProductController))
 6 SYSTEMPATH\CodeIgniter.php(353): CodeIgniter\CodeIgniter->handleRequest(null, Object(Config\Cache), false)
 7 FCPATH\index.php(79): CodeIgniter\CodeIgniter->run()
 8 SYSTEMPATH\Commands\Server\rewrite.php(47): require_once('C:\\laragon\\www\\LaMalls\\public\\index.php')
CRITICAL - 2023-10-01 15:59:42 --> syntax error, unexpected token "[", expecting variable or "{" or "$"
in APPPATH\Views\admin.php on line 169.
 1 SYSTEMPATH\View\View.php(229): CodeIgniter\View\View->CodeIgniter\View\{closure}()
 2 SYSTEMPATH\Common.php(1188): CodeIgniter\View\View->render('admin', [], true)
 3 APPPATH\Controllers\ProductController.php(48): view('admin', [...])
 4 SYSTEMPATH\CodeIgniter.php(919): App\Controllers\ProductController->admin()
 5 SYSTEMPATH\CodeIgniter.php(494): CodeIgniter\CodeIgniter->runController(Object(App\Controllers\ProductController))
 6 SYSTEMPATH\CodeIgniter.php(353): CodeIgniter\CodeIgniter->handleRequest(null, Object(Config\Cache), false)
 7 FCPATH\index.php(79): CodeIgniter\CodeIgniter->run()
 8 SYSTEMPATH\Commands\Server\rewrite.php(47): require_once('C:\\laragon\\www\\LaMalls\\public\\index.php')
CRITICAL - 2023-10-01 15:59:43 --> syntax error, unexpected token "[", expecting variable or "{" or "$"
in APPPATH\Views\admin.php on line 169.
 1 SYSTEMPATH\View\View.php(229): CodeIgniter\View\View->CodeIgniter\View\{closure}()
 2 SYSTEMPATH\Common.php(1188): CodeIgniter\View\View->render('admin', [], true)
 3 APPPATH\Controllers\ProductController.php(48): view('admin', [...])
 4 SYSTEMPATH\CodeIgniter.php(919): App\Controllers\ProductController->admin()
 5 SYSTEMPATH\CodeIgniter.php(494): CodeIgniter\CodeIgniter->runController(Object(App\Controllers\ProductController))
 6 SYSTEMPATH\CodeIgniter.php(353): CodeIgniter\CodeIgniter->handleRequest(null, Object(Config\Cache), false)
 7 FCPATH\index.php(79): CodeIgniter\CodeIgniter->run()
 8 SYSTEMPATH\Commands\Server\rewrite.php(47): require_once('C:\\laragon\\www\\LaMalls\\public\\index.php')
CRITICAL - 2023-10-01 15:59:44 --> syntax error, unexpected token "[", expecting variable or "{" or "$"
in APPPATH\Views\admin.php on line 169.
 1 SYSTEMPATH\View\View.php(229): CodeIgniter\View\View->CodeIgniter\View\{closure}()
 2 SYSTEMPATH\Common.php(1188): CodeIgniter\View\View->render('admin', [], true)
 3 APPPATH\Controllers\ProductController.php(48): view('admin', [...])
 4 SYSTEMPATH\CodeIgniter.php(919): App\Controllers\ProductController->admin()
 5 SYSTEMPATH\CodeIgniter.php(494): CodeIgniter\CodeIgniter->runController(Object(App\Controllers\ProductController))
 6 SYSTEMPATH\CodeIgniter.php(353): CodeIgniter\CodeIgniter->handleRequest(null, Object(Config\Cache), false)
 7 FCPATH\index.php(79): CodeIgniter\CodeIgniter->run()
 8 SYSTEMPATH\Commands\Server\rewrite.php(47): require_once('C:\\laragon\\www\\LaMalls\\public\\index.php')
CRITICAL - 2023-10-01 15:59:44 --> syntax error, unexpected token "[", expecting variable or "{" or "$"
in APPPATH\Views\admin.php on line 169.
 1 SYSTEMPATH\View\View.php(229): CodeIgniter\View\View->CodeIgniter\View\{closure}()
 2 SYSTEMPATH\Common.php(1188): CodeIgniter\View\View->render('admin', [], true)
 3 APPPATH\Controllers\ProductController.php(48): view('admin', [...])
 4 SYSTEMPATH\CodeIgniter.php(919): App\Controllers\ProductController->admin()
 5 SYSTEMPATH\CodeIgniter.php(494): CodeIgniter\CodeIgniter->runController(Object(App\Controllers\ProductController))
 6 SYSTEMPATH\CodeIgniter.php(353): CodeIgniter\CodeIgniter->handleRequest(null, Object(Config\Cache), false)
 7 FCPATH\index.php(79): CodeIgniter\CodeIgniter->run()
 8 SYSTEMPATH\Commands\Server\rewrite.php(47): require_once('C:\\laragon\\www\\LaMalls\\public\\index.php')
CRITICAL - 2023-10-01 15:59:44 --> syntax error, unexpected token "[", expecting variable or "{" or "$"
in APPPATH\Views\admin.php on line 169.
 1 SYSTEMPATH\View\View.php(229): CodeIgniter\View\View->CodeIgniter\View\{closure}()
 2 SYSTEMPATH\Common.php(1188): CodeIgniter\View\View->render('admin', [], true)
 3 APPPATH\Controllers\ProductController.php(48): view('admin', [...])
 4 SYSTEMPATH\CodeIgniter.php(919): App\Controllers\ProductController->admin()
 5 SYSTEMPATH\CodeIgniter.php(494): CodeIgniter\CodeIgniter->runController(Object(App\Controllers\ProductController))
 6 SYSTEMPATH\CodeIgniter.php(353): CodeIgniter\CodeIgniter->handleRequest(null, Object(Config\Cache), false)
 7 FCPATH\index.php(79): CodeIgniter\CodeIgniter->run()
 8 SYSTEMPATH\Commands\Server\rewrite.php(47): require_once('C:\\laragon\\www\\LaMalls\\public\\index.php')
