CRITICAL - 2023-09-24 05:23:26 --> Undefined variable $product
in APPPATH\Views\inc\productDetail.php on line 27.
 1 APPPATH\Views\inc\productDetail.php(27): CodeIgniter\Debug\Exceptions->errorHandler(2, 'Undefined variable $product', 'C:\\laragon\\www\\LaMall\\app\\Views\\inc\\productDetail.php', 27)
 2 SYSTEMPATH\View\View.php(226): include('C:\\laragon\\www\\LaMall\\app\\Views\\inc\\productDetail.php')
 3 SYSTEMPATH\View\View.php(229): CodeIgniter\View\View->CodeIgniter\View\{closure}()
 4 SYSTEMPATH\View\View.php(467): CodeIgniter\View\View->render('inc/productDetail', null, true)
 5 APPPATH\Views\index.php(7): CodeIgniter\View\View->include('inc/productDetail')
 6 SYSTEMPATH\View\View.php(226): include('C:\\laragon\\www\\LaMall\\app\\Views\\index.php')
 7 SYSTEMPATH\View\View.php(229): CodeIgniter\View\View->CodeIgniter\View\{closure}()
 8 SYSTEMPATH\Common.php(1188): CodeIgniter\View\View->render('index', [], true)
 9 APPPATH\Controllers\Home.php(9): view('index')
10 SYSTEMPATH\CodeIgniter.php(919): App\Controllers\Home->index()
11 SYSTEMPATH\CodeIgniter.php(494): CodeIgniter\CodeIgniter->runController(Object(App\Controllers\Home))
12 SYSTEMPATH\CodeIgniter.php(353): CodeIgniter\CodeIgniter->handleRequest(null, Object(Config\Cache), false)
13 FCPATH\index.php(79): CodeIgniter\CodeIgniter->run()
14 SYSTEMPATH\Commands\Server\rewrite.php(47): require_once('C:\\laragon\\www\\LaMall\\public\\index.php')
CRITICAL - 2023-09-24 05:27:13 --> Undefined variable $product
in APPPATH\Views\inc\productDetail.php on line 27.
 1 APPPATH\Views\inc\productDetail.php(27): CodeIgniter\Debug\Exceptions->errorHandler(2, 'Undefined variable $product', 'C:\\laragon\\www\\LaMall\\app\\Views\\inc\\productDetail.php', 27)
 2 SYSTEMPATH\View\View.php(226): include('C:\\laragon\\www\\LaMall\\app\\Views\\inc\\productDetail.php')
 3 SYSTEMPATH\View\View.php(229): CodeIgniter\View\View->CodeIgniter\View\{closure}()
 4 SYSTEMPATH\View\View.php(467): CodeIgniter\View\View->render('inc/productDetail', null, true)
 5 APPPATH\Views\index.php(7): CodeIgniter\View\View->include('inc/productDetail')
 6 SYSTEMPATH\View\View.php(226): include('C:\\laragon\\www\\LaMall\\app\\Views\\index.php')
 7 SYSTEMPATH\View\View.php(229): CodeIgniter\View\View->CodeIgniter\View\{closure}()
 8 SYSTEMPATH\Common.php(1188): CodeIgniter\View\View->render('index', [], true)
 9 APPPATH\Controllers\Home.php(9): view('index')
10 SYSTEMPATH\CodeIgniter.php(919): App\Controllers\Home->index()
11 SYSTEMPATH\CodeIgniter.php(494): CodeIgniter\CodeIgniter->runController(Object(App\Controllers\Home))
12 SYSTEMPATH\CodeIgniter.php(353): CodeIgniter\CodeIgniter->handleRequest(null, Object(Config\Cache), false)
13 FCPATH\index.php(79): CodeIgniter\CodeIgniter->run()
14 SYSTEMPATH\Commands\Server\rewrite.php(47): require_once('C:\\laragon\\www\\LaMall\\public\\index.php')
CRITICAL - 2023-09-24 05:34:01 --> Undefined variable $product
in APPPATH\Views\inc\productDetail.php on line 27.
 1 APPPATH\Views\inc\productDetail.php(27): CodeIgniter\Debug\Exceptions->errorHandler(2, 'Undefined variable $product', 'C:\\laragon\\www\\LaMall\\app\\Views\\inc\\productDetail.php', 27)
 2 SYSTEMPATH\View\View.php(226): include('C:\\laragon\\www\\LaMall\\app\\Views\\inc\\productDetail.php')
 3 SYSTEMPATH\View\View.php(229): CodeIgniter\View\View->CodeIgniter\View\{closure}()
 4 SYSTEMPATH\View\View.php(467): CodeIgniter\View\View->render('inc/productDetail', null, true)
 5 APPPATH\Views\index.php(7): CodeIgniter\View\View->include('inc/productDetail')
 6 SYSTEMPATH\View\View.php(226): include('C:\\laragon\\www\\LaMall\\app\\Views\\index.php')
 7 SYSTEMPATH\View\View.php(229): CodeIgniter\View\View->CodeIgniter\View\{closure}()
 8 SYSTEMPATH\Common.php(1188): CodeIgniter\View\View->render('index', [], true)
 9 APPPATH\Controllers\Home.php(9): view('index')
10 SYSTEMPATH\CodeIgniter.php(919): App\Controllers\Home->index()
11 SYSTEMPATH\CodeIgniter.php(494): CodeIgniter\CodeIgniter->runController(Object(App\Controllers\Home))
12 SYSTEMPATH\CodeIgniter.php(353): CodeIgniter\CodeIgniter->handleRequest(null, Object(Config\Cache), false)
13 FCPATH\index.php(79): CodeIgniter\CodeIgniter->run()
14 SYSTEMPATH\Commands\Server\rewrite.php(47): require_once('C:\\laragon\\www\\LaMall\\public\\index.php')
ERROR - 2023-09-24 05:44:39 --> Error connecting to the database: mysqli_sql_exception: Unknown database 'mall' in C:\laragon\www\LaMall\system\Database\MySQLi\Connection.php:185
Stack trace:
#0 C:\laragon\www\LaMall\system\Database\MySQLi\Connection.php(185): mysqli->real_connect('localhost', 'root', '', 'mall', 3306, '', 0)
#1 C:\laragon\www\LaMall\system\Database\BaseConnection.php(391): CodeIgniter\Database\MySQLi\Connection->connect(false)
#2 C:\laragon\www\LaMall\system\Database\BaseConnection.php(574): CodeIgniter\Database\BaseConnection->initialize()
#3 C:\laragon\www\LaMall\system\Database\BaseBuilder.php(1615): CodeIgniter\Database\BaseConnection->query('SELECT *\nFROM `...', Array, false)
#4 C:\laragon\www\LaMall\system\Model.php(237): CodeIgniter\Database\BaseBuilder->get()
#5 C:\laragon\www\LaMall\system\BaseModel.php(624): CodeIgniter\Model->doFindAll(0, 0)
#6 C:\laragon\www\LaMall\app\Controllers\ProductController.php(41): CodeIgniter\BaseModel->findAll()
#7 C:\laragon\www\LaMall\system\CodeIgniter.php(919): App\Controllers\ProductController->index()
#8 C:\laragon\www\LaMall\system\CodeIgniter.php(494): CodeIgniter\CodeIgniter->runController(Object(App\Controllers\ProductController))
#9 C:\laragon\www\LaMall\system\CodeIgniter.php(353): CodeIgniter\CodeIgniter->handleRequest(NULL, Object(Config\Cache), false)
#10 C:\laragon\www\LaMall\public\index.php(79): CodeIgniter\CodeIgniter->run()
#11 C:\laragon\www\LaMall\system\Commands\Server\rewrite.php(47): require_once('C:\\laragon\\www\\...')
#12 {main}

Next CodeIgniter\Database\Exceptions\DatabaseException: Unknown database 'mall' in C:\laragon\www\LaMall\system\Database\MySQLi\Connection.php:229
Stack trace:
#0 C:\laragon\www\LaMall\system\Database\BaseConnection.php(391): CodeIgniter\Database\MySQLi\Connection->connect(false)
#1 C:\laragon\www\LaMall\system\Database\BaseConnection.php(574): CodeIgniter\Database\BaseConnection->initialize()
#2 C:\laragon\www\LaMall\system\Database\BaseBuilder.php(1615): CodeIgniter\Database\BaseConnection->query('SELECT *\nFROM `...', Array, false)
#3 C:\laragon\www\LaMall\system\Model.php(237): CodeIgniter\Database\BaseBuilder->get()
#4 C:\laragon\www\LaMall\system\BaseModel.php(624): CodeIgniter\Model->doFindAll(0, 0)
#5 C:\laragon\www\LaMall\app\Controllers\ProductController.php(41): CodeIgniter\BaseModel->findAll()
#6 C:\laragon\www\LaMall\system\CodeIgniter.php(919): App\Controllers\ProductController->index()
#7 C:\laragon\www\LaMall\system\CodeIgniter.php(494): CodeIgniter\CodeIgniter->runController(Object(App\Controllers\ProductController))
#8 C:\laragon\www\LaMall\system\CodeIgniter.php(353): CodeIgniter\CodeIgniter->handleRequest(NULL, Object(Config\Cache), false)
#9 C:\laragon\www\LaMall\public\index.php(79): CodeIgniter\CodeIgniter->run()
#10 C:\laragon\www\LaMall\system\Commands\Server\rewrite.php(47): require_once('C:\\laragon\\www\\...')
#11 {main}
CRITICAL - 2023-09-24 05:44:39 --> Unable to connect to the database.
Main connection [MySQLi]: Unknown database 'mall'
in SYSTEMPATH\Database\BaseConnection.php on line 427.
 1 SYSTEMPATH\Database\BaseConnection.php(574): CodeIgniter\Database\BaseConnection->initialize()
 2 SYSTEMPATH\Database\BaseBuilder.php(1615): CodeIgniter\Database\BaseConnection->query('SELECT *
FROM `lamall`', [], false)
 3 SYSTEMPATH\Model.php(237): CodeIgniter\Database\BaseBuilder->get()
 4 SYSTEMPATH\BaseModel.php(624): CodeIgniter\Model->doFindAll(0, 0)
 5 APPPATH\Controllers\ProductController.php(41): CodeIgniter\BaseModel->findAll()
 6 SYSTEMPATH\CodeIgniter.php(919): App\Controllers\ProductController->index()
 7 SYSTEMPATH\CodeIgniter.php(494): CodeIgniter\CodeIgniter->runController(Object(App\Controllers\ProductController))
 8 SYSTEMPATH\CodeIgniter.php(353): CodeIgniter\CodeIgniter->handleRequest(null, Object(Config\Cache), false)
 9 FCPATH\index.php(79): CodeIgniter\CodeIgniter->run()
10 SYSTEMPATH\Commands\Server\rewrite.php(47): require_once('C:\\laragon\\www\\LaMall\\public\\index.php')
CRITICAL - 2023-09-24 06:19:21 --> "validateUser" is not a valid rule.
in SYSTEMPATH\Validation\Validation.php on line 317.
 1 SYSTEMPATH\Validation\Validation.php(317): CodeIgniter\Validation\Exceptions\ValidationException::forRuleNotFound('validateUser')
 2 SYSTEMPATH\Validation\Validation.php(195): CodeIgniter\Validation\Validation->processRules('password', 'password', '12345678', [...], [...])
 3 SYSTEMPATH\Controller.php(150): CodeIgniter\Validation\Validation->run()
 4 APPPATH\Controllers\Users.php(27): CodeIgniter\Controller->validate([...], [...])
 5 SYSTEMPATH\CodeIgniter.php(919): App\Controllers\Users->index()
 6 SYSTEMPATH\CodeIgniter.php(494): CodeIgniter\CodeIgniter->runController(Object(App\Controllers\Users))
 7 SYSTEMPATH\CodeIgniter.php(353): CodeIgniter\CodeIgniter->handleRequest(null, Object(Config\Cache), false)
 8 FCPATH\index.php(79): CodeIgniter\CodeIgniter->run()
 9 SYSTEMPATH\Commands\Server\rewrite.php(47): require_once('C:\\laragon\\www\\LaMall\\public\\index.php')
CRITICAL - 2023-09-24 06:29:54 --> Invalid file: "HOME.php"
in SYSTEMPATH\Exceptions\FrameworkException.php on line 39.
 1 SYSTEMPATH\View\View.php(214): CodeIgniter\Exceptions\FrameworkException::forInvalidFile('HOME.php')
 2 SYSTEMPATH\Common.php(1188): CodeIgniter\View\View->render('HOME', [], true)
 3 APPPATH\Controllers\Home.php(9): view('HOME')
 4 SYSTEMPATH\CodeIgniter.php(919): App\Controllers\Home->index()
 5 SYSTEMPATH\CodeIgniter.php(494): CodeIgniter\CodeIgniter->runController(Object(App\Controllers\Home))
 6 SYSTEMPATH\CodeIgniter.php(353): CodeIgniter\CodeIgniter->handleRequest(null, Object(Config\Cache), false)
 7 FCPATH\index.php(79): CodeIgniter\CodeIgniter->run()
 8 SYSTEMPATH\Commands\Server\rewrite.php(47): require_once('C:\\laragon\\www\\LaMall\\public\\index.php')
ERROR - 2023-09-24 06:37:43 --> mysqli_sql_exception: Table 'mall.lamall' doesn't exist in C:\laragon\www\LaMall\system\Database\MySQLi\Connection.php:306
Stack trace:
#0 C:\laragon\www\LaMall\system\Database\MySQLi\Connection.php(306): mysqli->query('SELECT *\nFROM `...', 0)
#1 C:\laragon\www\LaMall\system\Database\BaseConnection.php(692): CodeIgniter\Database\MySQLi\Connection->execute('SELECT *\nFROM `...')
#2 C:\laragon\www\LaMall\system\Database\BaseConnection.php(606): CodeIgniter\Database\BaseConnection->simpleQuery('SELECT *\nFROM `...')
#3 C:\laragon\www\LaMall\system\Database\BaseBuilder.php(1615): CodeIgniter\Database\BaseConnection->query('SELECT *\nFROM `...', Array, false)
#4 C:\laragon\www\LaMall\system\Model.php(237): CodeIgniter\Database\BaseBuilder->get()
#5 C:\laragon\www\LaMall\system\BaseModel.php(624): CodeIgniter\Model->doFindAll(0, 0)
#6 C:\laragon\www\LaMall\app\Controllers\ProductController.php(31): CodeIgniter\BaseModel->findAll()
#7 C:\laragon\www\LaMall\system\CodeIgniter.php(919): App\Controllers\ProductController->home()
#8 C:\laragon\www\LaMall\system\CodeIgniter.php(494): CodeIgniter\CodeIgniter->runController(Object(App\Controllers\ProductController))
#9 C:\laragon\www\LaMall\system\CodeIgniter.php(353): CodeIgniter\CodeIgniter->handleRequest(NULL, Object(Config\Cache), false)
#10 C:\laragon\www\LaMall\public\index.php(79): CodeIgniter\CodeIgniter->run()
#11 C:\laragon\www\LaMall\system\Commands\Server\rewrite.php(47): require_once('C:\\laragon\\www\\...')
#12 {main}
CRITICAL - 2023-09-24 06:37:43 --> Table 'mall.lamall' doesn't exist
in SYSTEMPATH\Database\BaseConnection.php on line 646.
 1 SYSTEMPATH\Database\BaseBuilder.php(1615): CodeIgniter\Database\BaseConnection->query('SELECT *
FROM `lamall`', [], false)
 2 SYSTEMPATH\Model.php(237): CodeIgniter\Database\BaseBuilder->get()
 3 SYSTEMPATH\BaseModel.php(624): CodeIgniter\Model->doFindAll(0, 0)
 4 APPPATH\Controllers\ProductController.php(31): CodeIgniter\BaseModel->findAll()
 5 SYSTEMPATH\CodeIgniter.php(919): App\Controllers\ProductController->home()
 6 SYSTEMPATH\CodeIgniter.php(494): CodeIgniter\CodeIgniter->runController(Object(App\Controllers\ProductController))
 7 SYSTEMPATH\CodeIgniter.php(353): CodeIgniter\CodeIgniter->handleRequest(null, Object(Config\Cache), false)
 8 FCPATH\index.php(79): CodeIgniter\CodeIgniter->run()
 9 SYSTEMPATH\Commands\Server\rewrite.php(47): require_once('C:\\laragon\\www\\LaMall\\public\\index.php')
